# JRE version: OpenJDK Runtime Environment (15.0.1+9) (build 15.0.1+9-18)
# Java VM: OpenJDK 64-Bit Server VM (15.0.1+9-18, mixed mode, sharing, tiered, compressed oops, g1 gc, windows-amd64)
GC Precious Log:
 CPUs: 8 total, 8 available
 Memory: 16249M
 Large Page Support: Disabled
 NUMA Support: Disabled
 Compressed Oops: Enabled (Zero based)
 Heap Region Size: 2M
 Heap Min Capacity: 8M
 Heap Initial Capacity: 254M
 Heap Max Capacity: 4064M
 Pre-touch: Disabled
 Parallel Workers: 8
 Concurrent Workers: 2
 Concurrent Refinement Workers: 8
 Periodic GC: Disabled
Heap:
 garbage-first heap   total 69632K, used 20708K [0x0000000702000000, 0x0000000800000000)
  region size 2048K, 3 young (6144K), 2 survivors (4096K)
 Metaspace       used 21502K, capacity 21776K, committed 21936K, reserved 1069056K
  class space    used 2852K, capacity 2959K, committed 3072K, reserved 1048576K
GC Heap History (16 events):
Event: 0.568 GC heap before
{Heap before GC invocations=0 (full 0):
 garbage-first heap   total 260096K, used 22528K [0x0000000702000000, 0x0000000800000000)
  region size 2048K, 11 young (22528K), 0 survivors (0K)
 Metaspace       used 6253K, capacity 8146K, committed 8448K, reserved 1056768K
  class space    used 752K, capacity 921K, committed 1024K, reserved 1048576K
}
Event: 0.571 GC heap after
{Heap after GC invocations=1 (full 0):
 garbage-first heap   total 260096K, used 3363K [0x0000000702000000, 0x0000000800000000)
  region size 2048K, 2 young (4096K), 2 survivors (4096K)
 Metaspace       used 6253K, capacity 8146K, committed 8448K, reserved 1056768K
  class space    used 752K, capacity 921K, committed 1024K, reserved 1048576K
}
Event: 1.291 GC heap before
{Heap before GC invocations=1 (full 0):
 garbage-first heap   total 260096K, used 36131K [0x0000000702000000, 0x0000000800000000)
  region size 2048K, 18 young (36864K), 2 survivors (4096K)
 Metaspace       used 14131K, capacity 14394K, committed 14720K, reserved 1062912K
  class space    used 1991K, capacity 2066K, committed 2176K, reserved 1048576K
}
Event: 1.297 GC heap after
{Heap after GC invocations=2 (full 0):
 garbage-first heap   total 260096K, used 7933K [0x0000000702000000, 0x0000000800000000)
  region size 2048K, 3 young (6144K), 3 survivors (6144K)
 Metaspace       used 14131K, capacity 14394K, committed 14720K, reserved 1062912K
  class space    used 1991K, capacity 2066K, committed 2176K, reserved 1048576K
}
Event: 21.921 GC heap before
{Heap before GC invocations=2 (full 0):
 garbage-first heap   total 260096K, used 50941K [0x0000000702000000, 0x0000000800000000)
  region size 2048K, 25 young (51200K), 3 survivors (6144K)
 Metaspace       used 20945K, capacity 21225K, committed 21296K, reserved 1067008K
  class space    used 2834K, capacity 2926K, committed 2944K, reserved 1048576K
}
Event: 21.930 GC heap after
{Heap after GC invocations=3 (full 0):
 garbage-first heap   total 260096K, used 16589K [0x0000000702000000, 0x0000000800000000)
  region size 2048K, 6 young (12288K), 6 survivors (12288K)
 Metaspace       used 20945K, capacity 21225K, committed 21296K, reserved 1067008K
  class space    used 2834K, capacity 2926K, committed 2944K, reserved 1048576K
}
Event: 23.651 GC heap before
{Heap before GC invocations=4 (full 0):
 garbage-first heap   total 69632K, used 43213K [0x0000000702000000, 0x0000000800000000)
  region size 2048K, 20 young (40960K), 6 survivors (12288K)
 Metaspace       used 21062K, capacity 21385K, committed 21680K, reserved 1069056K
  class space    used 2851K, capacity 2958K, committed 3072K, reserved 1048576K
}
Event: 23.658 GC heap after
{Heap after GC invocations=5 (full 0):
 garbage-first heap   total 69632K, used 18579K [0x0000000702000000, 0x0000000800000000)
  region size 2048K, 2 young (4096K), 2 survivors (4096K)
 Metaspace       used 21062K, capacity 21385K, committed 21680K, reserved 1069056K
  class space    used 2851K, capacity 2958K, committed 3072K, reserved 1048576K
}
Event: 25.567 GC heap before
{Heap before GC invocations=5 (full 0):
 garbage-first heap   total 69632K, used 45203K [0x0000000702000000, 0x0000000800000000)
  region size 2048K, 16 young (32768K), 2 survivors (4096K)
 Metaspace       used 21140K, capacity 21449K, committed 21680K, reserved 1069056K
  class space    used 2851K, capacity 2958K, committed 3072K, reserved 1048576K
}
Event: 25.568 GC heap after
{Heap after GC invocations=6 (full 0):
 garbage-first heap   total 69632K, used 16854K [0x0000000702000000, 0x0000000800000000)
  region size 2048K, 1 young (2048K), 1 survivors (2048K)
 Metaspace       used 21140K, capacity 21449K, committed 21680K, reserved 1069056K
  class space    used 2851K, capacity 2958K, committed 3072K, reserved 1048576K
}
Event: 30.210 GC heap before
{Heap before GC invocations=6 (full 0):
 garbage-first heap   total 69632K, used 49622K [0x0000000702000000, 0x0000000800000000)
  region size 2048K, 17 young (34816K), 1 survivors (2048K)
 Metaspace       used 21258K, capacity 21578K, committed 21936K, reserved 1069056K
  class space    used 2851K, capacity 2958K, committed 3072K, reserved 1048576K
}
Event: 30.211 GC heap after
{Heap after GC invocations=7 (full 0):
 garbage-first heap   total 69632K, used 20774K [0x0000000702000000, 0x0000000800000000)
  region size 2048K, 2 young (4096K), 2 survivors (4096K)
 Metaspace       used 21258K, capacity 21578K, committed 21936K, reserved 1069056K
  class space    used 2851K, capacity 2958K, committed 3072K, reserved 1048576K
}
Event: 48.688 GC heap before
{Heap before GC invocations=7 (full 0):
 garbage-first heap   total 69632K, used 47398K [0x0000000702000000, 0x0000000800000000)
  region size 2048K, 16 young (32768K), 2 survivors (4096K)
 Metaspace       used 21385K, capacity 21642K, committed 21936K, reserved 1069056K
  class space    used 2851K, capacity 2958K, committed 3072K, reserved 1048576K
}
Event: 48.691 GC heap after
{Heap after GC invocations=8 (full 0):
 garbage-first heap   total 69632K, used 19750K [0x0000000702000000, 0x0000000800000000)
  region size 2048K, 1 young (2048K), 1 survivors (2048K)
 Metaspace       used 21385K, capacity 21642K, committed 21936K, reserved 1069056K
  class space    used 2851K, capacity 2958K, committed 3072K, reserved 1048576K
}
Event: 59.893 GC heap before
{Heap before GC invocations=8 (full 0):
 garbage-first heap   total 69632K, used 48422K [0x0000000702000000, 0x0000000800000000)
  region size 2048K, 16 young (32768K), 1 survivors (2048K)
 Metaspace       used 21502K, capacity 21776K, committed 21936K, reserved 1069056K
  class space    used 2852K, capacity 2959K, committed 3072K, reserved 1048576K
}
Event: 59.895 GC heap after
{Heap after GC invocations=9 (full 0):
 garbage-first heap   total 69632K, used 20708K [0x0000000702000000, 0x0000000800000000)
  region size 2048K, 2 young (4096K), 2 survivors (4096K)
 Metaspace       used 21502K, capacity 21776K, committed 21936K, reserved 1069056K
  class space    used 2852K, capacity 2959K, committed 3072K, reserved 1048576K
}

